<?xml version="1.0" encoding="UTF-8"?>
<testng-results ignored="0" total="3" passed="3" failed="0" skipped="0">
  <reporter-output>
  </reporter-output>
  <suite started-at="2023-01-04T12:11:09 IST" name="Suite" finished-at="2023-01-04T12:13:09 IST" duration-ms="119551">
    <groups>
    </groups>
    <test started-at="2023-01-04T12:11:09 IST" name="Test1" finished-at="2023-01-04T12:11:20 IST" duration-ms="11140">
      <class name="Com.BCT.TestCses.LoginTest">
        <test-method is-config="true" signature="setup(java.lang.String)[pri:0, instance:Com.BCT.TestCses.LoginTest@23c30a20]" started-at="2023-01-04T12:11:09 IST" name="setup" finished-at="2023-01-04T12:11:16 IST" duration-ms="6549" status="PASS">
          <params>
            <param index="0">
              <value>
                <![CDATA[edge]]>
              </value>
            </param>
          </params>
          <reporter-output>
          </reporter-output>
        </test-method> <!-- setup -->
        <test-method signature="login()[pri:0, instance:Com.BCT.TestCses.LoginTest@23c30a20]" started-at="2023-01-04T12:11:16 IST" name="login" finished-at="2023-01-04T12:11:20 IST" duration-ms="4548" status="PASS">
          <reporter-output>
          </reporter-output>
        </test-method> <!-- login -->
      </class> <!-- Com.BCT.TestCses.LoginTest -->
    </test> <!-- Test1 -->
    <test started-at="2023-01-04T12:11:21 IST" name="Test2" finished-at="2023-01-04T12:11:31 IST" duration-ms="9995">
      <class name="Com.BCT.TestCses.LoginTest">
        <test-method is-config="true" signature="setup(java.lang.String)[pri:0, instance:Com.BCT.TestCses.LoginTest@449a4f23]" started-at="2023-01-04T12:11:21 IST" name="setup" finished-at="2023-01-04T12:11:24 IST" duration-ms="3564" status="PASS">
          <params>
            <param index="0">
              <value>
                <![CDATA[chrome]]>
              </value>
            </param>
          </params>
          <reporter-output>
          </reporter-output>
        </test-method> <!-- setup -->
        <test-method signature="login()[pri:0, instance:Com.BCT.TestCses.LoginTest@449a4f23]" started-at="2023-01-04T12:11:24 IST" name="login" finished-at="2023-01-04T12:11:31 IST" duration-ms="6426" status="PASS">
          <reporter-output>
          </reporter-output>
        </test-method> <!-- login -->
      </class> <!-- Com.BCT.TestCses.LoginTest -->
    </test> <!-- Test2 -->
    <test started-at="2023-01-04T12:11:31 IST" name="Test3" finished-at="2023-01-04T12:13:09 IST" duration-ms="98251">
      <class name="Com.BCT.TestCses.LoginTest">
        <test-method is-config="true" signature="setup(java.lang.String)[pri:0, instance:Com.BCT.TestCses.LoginTest@7d0b7e3c]" started-at="2023-01-04T12:11:31 IST" name="setup" finished-at="2023-01-04T12:13:00 IST" duration-ms="89625" status="PASS">
          <params>
            <param index="0">
              <value>
                <![CDATA[firefox]]>
              </value>
            </param>
          </params>
          <reporter-output>
          </reporter-output>
        </test-method> <!-- setup -->
        <test-method signature="login()[pri:0, instance:Com.BCT.TestCses.LoginTest@7d0b7e3c]" started-at="2023-01-04T12:13:00 IST" name="login" finished-at="2023-01-04T12:13:09 IST" duration-ms="8623" status="PASS">
          <reporter-output>
          </reporter-output>
        </test-method> <!-- login -->
      </class> <!-- Com.BCT.TestCses.LoginTest -->
    </test> <!-- Test3 -->
  </suite> <!-- Suite -->
</testng-results>
